2026-06-11 15:41:07 [info]: MongoDB connected successfully.
2026-06-11 15:41:08 [info]: Default campuses seeded.
2026-06-11 15:41:08 [info]: SAIT API server running on port 5000 [development]
2026-06-11 15:45:04 [info]: New user registered: qode.current@gmail.com (pending approval)
2026-06-11 15:46:28 [info]: User logged in: qode.current@gmail.com (role: admin)
2026-06-11 15:46:57 [error]: Error: Missing credentials for "PLAIN"
    at SMTPConnection._formatError (C:\Users\Novaneer\Desktop\backend\node_modules\nodemailer\lib\smtp-connection\index.js:905:19)
    at SMTPConnection.login (C:\Users\Novaneer\Desktop\backend\node_modules\nodemailer\lib\smtp-connection\index.js:542:38)
    at C:\Users\Novaneer\Desktop\backend\node_modules\nodemailer\lib\smtp-transport\index.js:278:32
    at SMTPConnection.<anonymous> (C:\Users\Novaneer\Desktop\backend\node_modules\nodemailer\lib\smtp-connection\index.js:255:17)
    at Object.onceWrapper (node:events:622:28)
    at SMTPConnection.emit (node:events:508:28)
    at SMTPConnection._actionEHLO (C:\Users\Novaneer\Desktop\backend\node_modules\nodemailer\lib\smtp-connection\index.js:1510:14)
    at SMTPConnection._processResponse (C:\Users\Novaneer\Desktop\backend\node_modules\nodemailer\lib\smtp-connection\index.js:1099:20)
    at SMTPConnection._onData (C:\Users\Novaneer\Desktop\backend\node_modules\nodemailer\lib\smtp-connection\index.js:865:14)
    at SMTPConnection._onSocketData (C:\Users\Novaneer\Desktop\backend\node_modules\nodemailer\lib\smtp-connection\index.js:224:44)
2026-06-11 15:46:57 [error]: Error: Missing credentials for "PLAIN"
    at SMTPConnection._formatError (C:\Users\Novaneer\Desktop\backend\node_modules\nodemailer\lib\smtp-connection\index.js:905:19)
    at SMTPConnection.login (C:\Users\Novaneer\Desktop\backend\node_modules\nodemailer\lib\smtp-connection\index.js:542:38)
    at C:\Users\Novaneer\Desktop\backend\node_modules\nodemailer\lib\smtp-transport\index.js:278:32
    at SMTPConnection.<anonymous> (C:\Users\Novaneer\Desktop\backend\node_modules\nodemailer\lib\smtp-connection\index.js:255:17)
    at Object.onceWrapper (node:events:622:28)
    at SMTPConnection.emit (node:events:508:28)
    at SMTPConnection._actionEHLO (C:\Users\Novaneer\Desktop\backend\node_modules\nodemailer\lib\smtp-connection\index.js:1510:14)
    at SMTPConnection._processResponse (C:\Users\Novaneer\Desktop\backend\node_modules\nodemailer\lib\smtp-connection\index.js:1099:20)
    at SMTPConnection._onData (C:\Users\Novaneer\Desktop\backend\node_modules\nodemailer\lib\smtp-connection\index.js:865:14)
    at SMTPConnection._onSocketData (C:\Users\Novaneer\Desktop\backend\node_modules\nodemailer\lib\smtp-connection\index.js:224:44)
2026-06-11 15:47:20 [info]: MongoDB connected successfully.
2026-06-11 15:47:22 [info]: SAIT API server running on port 5000 [development]
2026-06-11 15:47:33 [info]: Password reset email sent to qode.current@gmail.com
2026-06-11 15:47:33 [info]: Password reset email sent to qode.current@gmail.com
2026-06-11 15:48:39 [info]: User logged in: qode.current@gmail.com (role: admin)
2026-06-11 15:49:13 [error]: TypeError: next is not a function
    at model.<anonymous> (C:\Users\Novaneer\Desktop\backend\models\Asset.js:32:3)
    at process.processTicksAndRejections (node:internal/process/task_queues:103:5)
    at async Kareem.execPre (C:\Users\Novaneer\Desktop\backend\node_modules\kareem\index.js:61:24)
    at async model.$__save (C:\Users\Novaneer\Desktop\backend\node_modules\mongoose\lib\model.js:402:5)
    at async maybeTracedSave (C:\Users\Novaneer\Desktop\backend\node_modules\mongoose\lib\model.js:674:7)
    at async model.create (C:\Users\Novaneer\Desktop\backend\node_modules\mongoose\lib\model.js:2762:5)
    at async createAsset (C:\Users\Novaneer\Desktop\backend\controllers\AssetController.js:48:19)
2026-06-11 15:50:35 [info]: MongoDB connected successfully.
2026-06-11 15:50:36 [info]: SAIT API server running on port 5000 [development]
2026-06-11 15:50:41 [error]: TypeError: next is not a function
    at model.<anonymous> (C:\Users\Novaneer\Desktop\backend\models\Asset.js:32:3)
    at process.processTicksAndRejections (node:internal/process/task_queues:103:5)
    at async Kareem.execPre (C:\Users\Novaneer\Desktop\backend\node_modules\kareem\index.js:61:24)
    at async model.$__save (C:\Users\Novaneer\Desktop\backend\node_modules\mongoose\lib\model.js:402:5)
    at async maybeTracedSave (C:\Users\Novaneer\Desktop\backend\node_modules\mongoose\lib\model.js:674:7)
    at async model.create (C:\Users\Novaneer\Desktop\backend\node_modules\mongoose\lib\model.js:2762:5)
    at async createAsset (C:\Users\Novaneer\Desktop\backend\controllers\AssetController.js:48:19)
2026-06-11 15:57:22 [info]: MongoDB connected successfully.
2026-06-11 15:57:23 [info]: SAIT API server running on port 5000 [development]
2026-06-11 15:57:35 [info]: User logged in: qode.current@gmail.com (role: admin)
2026-06-11 15:58:04 [info]: Claim created: CLM-2026-001 by qode.current@gmail.com
2026-06-11 15:59:08 [info]: Admin qode.current@gmail.com created user: muteticaleb@zetech.ac.ke
2026-06-11 16:04:42 [info]: MongoDB connected successfully.
2026-06-11 16:04:43 [info]: SAIT API server running on port 5000 [development]
2026-06-11 16:04:52 [info]: MongoDB connected successfully.
2026-06-11 16:04:53 [info]: SAIT API server running on port 5000 [development]
2026-06-11 16:10:37 [info]: MongoDB connected successfully.
2026-06-11 16:10:38 [info]: SAIT API server running on port 5000 [development]
2026-06-11 16:12:02 [error]: TypeError: next is not a function
    at model.<anonymous> (C:\Users\Novaneer\Desktop\backend\models\Asset.js:32:3)
    at process.processTicksAndRejections (node:internal/process/task_queues:103:5)
    at async Kareem.execPre (C:\Users\Novaneer\Desktop\backend\node_modules\kareem\index.js:61:24)
    at async model.$__save (C:\Users\Novaneer\Desktop\backend\node_modules\mongoose\lib\model.js:402:5)
    at async maybeTracedSave (C:\Users\Novaneer\Desktop\backend\node_modules\mongoose\lib\model.js:674:7)
    at async model.create (C:\Users\Novaneer\Desktop\backend\node_modules\mongoose\lib\model.js:2762:5)
    at async createAsset (C:\Users\Novaneer\Desktop\backend\controllers\AssetController.js:48:19)
2026-06-11 16:12:51 [info]: MongoDB connected successfully.
2026-06-11 16:12:52 [info]: SAIT API server running on port 5000 [development]
2026-06-11 16:13:00 [info]: MongoDB connected successfully.
2026-06-11 16:13:01 [info]: SAIT API server running on port 5000 [development]
2026-06-11 16:16:26 [info]: Asset created: AST-00001 by qode.current@gmail.com
2026-06-11 16:27:02 [info]: MongoDB connected successfully.
2026-06-11 16:27:04 [info]: SAIT API server running on port 5000 [development]
2026-06-11 16:27:50 [info]: MongoDB connected successfully.
2026-06-11 16:27:51 [info]: SAIT API server running on port 5000 [development]
2026-06-11 16:52:14 [info]: Asset created: AST-00002 by qode.current@gmail.com
2026-06-11 16:52:19 [info]: MongoDB connected successfully.
2026-06-11 16:52:21 [info]: SAIT API server running on port 5000 [development]
2026-06-11 16:52:35 [info]: MongoDB connected successfully.
2026-06-11 16:52:36 [info]: SAIT API server running on port 5000 [development]
2026-06-11 16:52:42 [info]: MongoDB connected successfully.
2026-06-11 16:52:43 [info]: SAIT API server running on port 5000 [development]
2026-06-11 16:52:51 [info]: MongoDB connected successfully.
2026-06-11 16:52:53 [info]: SAIT API server running on port 5000 [development]
2026-06-11 16:53:05 [info]: MongoDB connected successfully.
2026-06-11 16:53:06 [info]: SAIT API server running on port 5000 [development]
2026-06-11 16:53:19 [info]: MongoDB connected successfully.
2026-06-11 16:53:20 [info]: SAIT API server running on port 5000 [development]
2026-06-11 17:00:10 [info]: MongoDB connected successfully.
2026-06-11 17:00:13 [info]: SAIT API server running on port 5000 [development]
2026-06-11 17:04:14 [info]: User 6a2aadd08b6974c4592e74db updated by qode.current@gmail.com
2026-06-11 17:06:20 [info]: Sub-campus "test sub1" created under "Boksburg" by qode.current@gmail.com
2026-06-11 17:09:46 [info]: Asset AST-00001 deleted by qode.current@gmail.com
2026-06-11 17:09:51 [info]: Asset AST-00002 deleted by qode.current@gmail.com
2026-06-11 17:10:45 [info]: Asset created: AST-00001 by qode.current@gmail.com
2026-06-11 17:11:10 [info]: Asset AST-00001 updated by qode.current@gmail.com
2026-06-11 17:13:44 [info]: Policy created by qode.current@gmail.com: 6a2ac29872d31f177ed3a0b4
2026-06-11 17:15:38 [info]: MongoDB connected successfully.
2026-06-11 17:15:40 [info]: SAIT API server running on port 5000 [development]
2026-06-11 17:21:05 [info]: MongoDB connected successfully.
2026-06-11 17:21:07 [info]: SAIT API server running on port 5000 [development]
2026-06-11 17:21:27 [info]: MongoDB connected successfully.
2026-06-11 17:21:29 [info]: SAIT API server running on port 5000 [development]
2026-06-11 17:26:41 [info]: Claim created: C003 by qode.current@gmail.com
2026-06-11 17:26:46 [info]: Claim CLM-2026-001 deleted by qode.current@gmail.com
2026-06-11 17:27:18 [info]: Claim C003 updated by qode.current@gmail.com
2026-06-11 17:29:04 [info]: Campus created: Test Campus by qode.current@gmail.com
2026-06-11 17:32:45 [info]: MongoDB connected successfully.
2026-06-11 17:32:47 [info]: SAIT API server running on port 5000 [development]
2026-06-11 17:32:50 [info]: MongoDB connected successfully.
2026-06-11 17:32:52 [info]: SAIT API server running on port 5000 [development]
2026-06-11 17:56:31 [info]: MongoDB connected successfully.
2026-06-11 17:56:35 [info]: SAIT API server running on port 5000 [development]
2026-06-11 17:57:53 [info]: User logged in: qode.current@gmail.com (role: admin)
2026-06-11 18:16:20 [info]: MongoDB connected successfully.
2026-06-11 18:23:27 [info]: MongoDB connected successfully.
2026-06-11 18:23:30 [info]: SAIT API server running on port 5000 [development]
2026-06-11 18:23:46 [info]: User logged in: qode.current@gmail.com (role: admin)
2026-06-11 18:24:41 [info]: MongoDB connected successfully.
2026-06-11 18:24:44 [info]: SAIT API server running on port 5000 [development]
2026-06-11 18:24:47 [info]: MongoDB connected successfully.
2026-06-11 18:24:50 [info]: SAIT API server running on port 5000 [development]
2026-06-11 18:25:40 [info]: MongoDB connected successfully.
2026-06-11 18:25:42 [info]: SAIT API server running on port 5000 [development]
2026-06-11 18:25:46 [info]: MongoDB connected successfully.
2026-06-11 18:25:49 [info]: SAIT API server running on port 5000 [development]
2026-06-11 18:25:52 [info]: MongoDB connected successfully.
2026-06-11 18:25:55 [info]: SAIT API server running on port 5000 [development]
2026-06-11 18:26:17 [info]: MongoDB connected successfully.
2026-06-11 18:26:18 [info]: SAIT API server running on port 5000 [development]
2026-06-11 18:26:29 [info]: MongoDB connected successfully.
2026-06-11 18:26:31 [info]: SAIT API server running on port 5000 [development]
2026-06-11 18:26:34 [info]: MongoDB connected successfully.
2026-06-11 18:26:36 [info]: SAIT API server running on port 5000 [development]
2026-06-11 18:26:48 [info]: MongoDB connected successfully.
2026-06-11 18:26:57 [info]: MongoDB connected successfully.
2026-06-11 18:26:59 [info]: SAIT API server running on port 5000 [development]
2026-06-11 18:27:39 [info]: MongoDB connected successfully.
2026-06-11 18:27:41 [info]: SAIT API server running on port 5000 [development]
2026-06-11 18:31:42 [info]: MongoDB connected successfully.
2026-06-11 18:31:43 [info]: SAIT API server running on port 5000 [development]
2026-06-11 18:31:47 [info]: User logged in: qode.current@gmail.com (role: admin)
2026-06-11 18:47:02 [info]: MongoDB connected successfully.
2026-06-11 18:47:03 [info]: SAIT API server running on port 5000 [development]
2026-06-11 18:49:16 [info]: MongoDB connected successfully.
2026-06-11 18:49:18 [info]: SAIT API server running on port 5000 [development]
2026-06-11 18:49:26 [info]: User logged in: qode.current@gmail.com (role: admin)
2026-06-11 18:56:52 [info]: MongoDB connected successfully.
2026-06-11 18:56:53 [info]: SAIT API server running on port 5000 [development]
2026-06-11 18:56:58 [info]: MongoDB connected successfully.
2026-06-11 18:56:59 [info]: SAIT API server running on port 5000 [development]
2026-06-11 18:57:05 [info]: MongoDB connected successfully.
2026-06-11 18:57:08 [info]: SAIT API server running on port 5000 [development]
2026-06-11 18:57:58 [info]: MongoDB connected successfully.
2026-06-11 18:58:00 [info]: SAIT API server running on port 5000 [development]
2026-06-11 18:58:07 [info]: MongoDB connected successfully.
2026-06-11 18:58:08 [info]: SAIT API server running on port 5000 [development]
2026-06-11 18:58:35 [info]: MongoDB connected successfully.
2026-06-11 18:58:37 [info]: SAIT API server running on port 5000 [development]
2026-06-11 19:17:41 [info]: MongoDB connected successfully.
2026-06-11 19:17:43 [info]: SAIT API server running on port 5000 [development]
2026-06-11 19:17:49 [info]: MongoDB connected successfully.
2026-06-11 19:17:51 [info]: SAIT API server running on port 5000 [development]
2026-06-11 19:17:58 [info]: User logged in: qode.current@gmail.com (role: admin)
2026-06-11 19:23:45 [info]: MongoDB connected successfully.
2026-06-11 19:23:47 [info]: SAIT API server running on port 5000 [development]
2026-06-11 19:24:43 [error]: MongoServerSelectionError: getaddrinfo ENOTFOUND ac-rp5bqyz-shard-00-01.gdck9x2.mongodb.net
    at Topology.selectServer (C:\Users\Novaneer\Desktop\backend\node_modules\mongodb\lib\sdam\topology.js:348:38)
    at runNextTicks (node:internal/process/task_queues:64:5)
    at process.processTimers (node:internal/timers:538:9)
    at async executeOperationWithRetries (C:\Users\Novaneer\Desktop\backend\node_modules\mongodb\lib\operations\execute_operation.js:260:22)
    at async executeOperation (C:\Users\Novaneer\Desktop\backend\node_modules\mongodb\lib\operations\execute_operation.js:83:16)
    at async FindCursor._initialize (C:\Users\Novaneer\Desktop\backend\node_modules\mongodb\lib\cursor\find_cursor.js:62:26)
    at async FindCursor.cursorInit (C:\Users\Novaneer\Desktop\backend\node_modules\mongodb\lib\cursor\abstract_cursor.js:620:27)
    at async FindCursor.fetchBatch (C:\Users\Novaneer\Desktop\backend\node_modules\mongodb\lib\cursor\abstract_cursor.js:654:13)
    at async FindCursor.next (C:\Users\Novaneer\Desktop\backend\node_modules\mongodb\lib\cursor\abstract_cursor.js:326:17)
    at async Collection.findOne (C:\Users\Novaneer\Desktop\backend\node_modules\mongodb\lib\collection.js:313:24)
2026-06-11 19:24:59 [error]: MongoServerSelectionError: getaddrinfo ENOTFOUND ac-rp5bqyz-shard-00-01.gdck9x2.mongodb.net
    at Topology.selectServer (C:\Users\Novaneer\Desktop\backend\node_modules\mongodb\lib\sdam\topology.js:348:38)
    at runNextTicks (node:internal/process/task_queues:64:5)
    at listOnTimeout (node:internal/timers:567:9)
    at process.processTimers (node:internal/timers:541:7)
    at async executeOperationWithRetries (C:\Users\Novaneer\Desktop\backend\node_modules\mongodb\lib\operations\execute_operation.js:157:18)
    at async executeOperation (C:\Users\Novaneer\Desktop\backend\node_modules\mongodb\lib\operations\execute_operation.js:83:16)
    at async FindCursor._initialize (C:\Users\Novaneer\Desktop\backend\node_modules\mongodb\lib\cursor\find_cursor.js:62:26)
    at async FindCursor.cursorInit (C:\Users\Novaneer\Desktop\backend\node_modules\mongodb\lib\cursor\abstract_cursor.js:620:27)
    at async FindCursor.fetchBatch (C:\Users\Novaneer\Desktop\backend\node_modules\mongodb\lib\cursor\abstract_cursor.js:654:13)
    at async FindCursor.next (C:\Users\Novaneer\Desktop\backend\node_modules\mongodb\lib\cursor\abstract_cursor.js:326:17)
2026-06-11 19:24:59 [error]: MongoServerSelectionError: getaddrinfo ENOTFOUND ac-rp5bqyz-shard-00-01.gdck9x2.mongodb.net
    at Topology.selectServer (C:\Users\Novaneer\Desktop\backend\node_modules\mongodb\lib\sdam\topology.js:348:38)
    at async executeOperationWithRetries (C:\Users\Novaneer\Desktop\backend\node_modules\mongodb\lib\operations\execute_operation.js:260:22)
    at async executeOperation (C:\Users\Novaneer\Desktop\backend\node_modules\mongodb\lib\operations\execute_operation.js:83:16)
    at async FindCursor._initialize (C:\Users\Novaneer\Desktop\backend\node_modules\mongodb\lib\cursor\find_cursor.js:62:26)
    at async FindCursor.cursorInit (C:\Users\Novaneer\Desktop\backend\node_modules\mongodb\lib\cursor\abstract_cursor.js:620:27)
    at async FindCursor.fetchBatch (C:\Users\Novaneer\Desktop\backend\node_modules\mongodb\lib\cursor\abstract_cursor.js:654:13)
    at async FindCursor.next (C:\Users\Novaneer\Desktop\backend\node_modules\mongodb\lib\cursor\abstract_cursor.js:326:17)
    at async Collection.findOne (C:\Users\Novaneer\Desktop\backend\node_modules\mongodb\lib\collection.js:313:24)
    at async model.Query._findOne (C:\Users\Novaneer\Desktop\backend\node_modules\mongoose\lib\query.js:2773:15)
    at async maybeTracedQueryExec (C:\Users\Novaneer\Desktop\backend\node_modules\mongoose\lib\query.js:4801:65)
2026-06-11 19:25:17 [error]: MongoServerSelectionError: getaddrinfo ENOTFOUND ac-rp5bqyz-shard-00-01.gdck9x2.mongodb.net
    at Topology.selectServer (C:\Users\Novaneer\Desktop\backend\node_modules\mongodb\lib\sdam\topology.js:348:38)
    at async executeOperationWithRetries (C:\Users\Novaneer\Desktop\backend\node_modules\mongodb\lib\operations\execute_operation.js:157:18)
    at async executeOperation (C:\Users\Novaneer\Desktop\backend\node_modules\mongodb\lib\operations\execute_operation.js:83:16)
    at async FindCursor._initialize (C:\Users\Novaneer\Desktop\backend\node_modules\mongodb\lib\cursor\find_cursor.js:62:26)
    at async FindCursor.cursorInit (C:\Users\Novaneer\Desktop\backend\node_modules\mongodb\lib\cursor\abstract_cursor.js:620:27)
    at async FindCursor.fetchBatch (C:\Users\Novaneer\Desktop\backend\node_modules\mongodb\lib\cursor\abstract_cursor.js:654:13)
    at async FindCursor.next (C:\Users\Novaneer\Desktop\backend\node_modules\mongodb\lib\cursor\abstract_cursor.js:326:17)
    at async Collection.findOne (C:\Users\Novaneer\Desktop\backend\node_modules\mongodb\lib\collection.js:313:24)
    at async model.Query._findOne (C:\Users\Novaneer\Desktop\backend\node_modules\mongoose\lib\query.js:2773:15)
    at async maybeTracedQueryExec (C:\Users\Novaneer\Desktop\backend\node_modules\mongoose\lib\query.js:4801:65)
2026-06-11 19:29:14 [error]: TypeError: next is not a function
    at model.<anonymous> (C:\Users\Novaneer\Desktop\backend\models\Asset.js:111:3)
    at process.processTicksAndRejections (node:internal/process/task_queues:103:5)
    at async Kareem.execPre (C:\Users\Novaneer\Desktop\backend\node_modules\kareem\index.js:61:24)
    at async model.$__save (C:\Users\Novaneer\Desktop\backend\node_modules\mongoose\lib\model.js:402:5)
    at async maybeTracedSave (C:\Users\Novaneer\Desktop\backend\node_modules\mongoose\lib\model.js:674:7)
    at async model.create (C:\Users\Novaneer\Desktop\backend\node_modules\mongoose\lib\model.js:2762:5)
    at async createAsset (C:\Users\Novaneer\Desktop\backend\controllers\AssetController.js:69:19)
2026-06-11 19:29:52 [info]: MongoDB connected successfully.
2026-06-11 19:29:53 [info]: SAIT API server running on port 5000 [development]
2026-06-11 19:30:02 [error]: TypeError: next is not a function
    at model.<anonymous> (C:\Users\Novaneer\Desktop\backend\models\Asset.js:111:3)
    at process.processTicksAndRejections (node:internal/process/task_queues:103:5)
    at async Kareem.execPre (C:\Users\Novaneer\Desktop\backend\node_modules\kareem\index.js:61:24)
    at async model.$__save (C:\Users\Novaneer\Desktop\backend\node_modules\mongoose\lib\model.js:402:5)
    at async maybeTracedSave (C:\Users\Novaneer\Desktop\backend\node_modules\mongoose\lib\model.js:674:7)
    at async model.create (C:\Users\Novaneer\Desktop\backend\node_modules\mongoose\lib\model.js:2762:5)
    at async createAsset (C:\Users\Novaneer\Desktop\backend\controllers\AssetController.js:69:19)
2026-06-11 19:31:04 [info]: MongoDB connected successfully.
2026-06-11 19:31:05 [info]: SAIT API server running on port 5000 [development]
2026-06-11 19:31:19 [error]: TypeError: next is not a function
    at model.<anonymous> (C:\Users\Novaneer\Desktop\backend\models\Asset.js:96:3)
    at process.processTicksAndRejections (node:internal/process/task_queues:103:5)
    at async Kareem.execPre (C:\Users\Novaneer\Desktop\backend\node_modules\kareem\index.js:61:24)
    at async model.$__save (C:\Users\Novaneer\Desktop\backend\node_modules\mongoose\lib\model.js:402:5)
    at async maybeTracedSave (C:\Users\Novaneer\Desktop\backend\node_modules\mongoose\lib\model.js:674:7)
    at async model.create (C:\Users\Novaneer\Desktop\backend\node_modules\mongoose\lib\model.js:2762:5)
    at async createAsset (C:\Users\Novaneer\Desktop\backend\controllers\AssetController.js:69:19)
2026-06-11 19:31:27 [info]: MongoDB connected successfully.
2026-06-11 19:31:30 [info]: SAIT API server running on port 5000 [development]
2026-06-11 19:31:53 [info]: MongoDB connected successfully.
2026-06-11 19:31:56 [info]: SAIT API server running on port 5000 [development]
2026-06-11 19:31:57 [error]: TypeError: next is not a function
    at model.<anonymous> (C:\Users\Novaneer\Desktop\backend\models\Asset.js:96:3)
    at process.processTicksAndRejections (node:internal/process/task_queues:103:5)
    at async Kareem.execPre (C:\Users\Novaneer\Desktop\backend\node_modules\kareem\index.js:61:24)
    at async model.$__save (C:\Users\Novaneer\Desktop\backend\node_modules\mongoose\lib\model.js:402:5)
    at async maybeTracedSave (C:\Users\Novaneer\Desktop\backend\node_modules\mongoose\lib\model.js:674:7)
    at async model.create (C:\Users\Novaneer\Desktop\backend\node_modules\mongoose\lib\model.js:2762:5)
    at async createAsset (C:\Users\Novaneer\Desktop\backend\controllers\AssetController.js:69:19)
2026-06-11 19:33:08 [error]: TypeError: next is not a function
    at model.<anonymous> (C:\Users\Novaneer\Desktop\backend\models\Asset.js:96:3)
    at process.processTicksAndRejections (node:internal/process/task_queues:103:5)
    at async Kareem.execPre (C:\Users\Novaneer\Desktop\backend\node_modules\kareem\index.js:61:24)
    at async model.$__save (C:\Users\Novaneer\Desktop\backend\node_modules\mongoose\lib\model.js:402:5)
    at async maybeTracedSave (C:\Users\Novaneer\Desktop\backend\node_modules\mongoose\lib\model.js:674:7)
    at async model.create (C:\Users\Novaneer\Desktop\backend\node_modules\mongoose\lib\model.js:2762:5)
    at async createAsset (C:\Users\Novaneer\Desktop\backend\controllers\AssetController.js:69:19)
2026-06-11 19:33:28 [info]: MongoDB connected successfully.
2026-06-11 19:33:30 [info]: SAIT API server running on port 5000 [development]
2026-06-11 19:33:36 [error]: TypeError: next is not a function
    at model.<anonymous> (C:\Users\Novaneer\Desktop\backend\models\Asset.js:96:3)
    at process.processTicksAndRejections (node:internal/process/task_queues:103:5)
    at async Kareem.execPre (C:\Users\Novaneer\Desktop\backend\node_modules\kareem\index.js:61:24)
    at async model.$__save (C:\Users\Novaneer\Desktop\backend\node_modules\mongoose\lib\model.js:402:5)
    at async maybeTracedSave (C:\Users\Novaneer\Desktop\backend\node_modules\mongoose\lib\model.js:674:7)
    at async model.create (C:\Users\Novaneer\Desktop\backend\node_modules\mongoose\lib\model.js:2762:5)
    at async createAsset (C:\Users\Novaneer\Desktop\backend\controllers\AssetController.js:69:19)
2026-06-11 19:35:10 [info]: MongoDB connected successfully.
2026-06-11 19:35:13 [info]: SAIT API server running on port 5000 [development]
2026-06-11 19:35:15 [error]: TypeError: next is not a function
    at model.<anonymous> (C:\Users\Novaneer\Desktop\backend\models\Asset.js:96:3)
    at process.processTicksAndRejections (node:internal/process/task_queues:103:5)
    at async Kareem.execPre (C:\Users\Novaneer\Desktop\backend\node_modules\kareem\index.js:61:24)
    at async model.$__save (C:\Users\Novaneer\Desktop\backend\node_modules\mongoose\lib\model.js:402:5)
    at async maybeTracedSave (C:\Users\Novaneer\Desktop\backend\node_modules\mongoose\lib\model.js:674:7)
    at async model.create (C:\Users\Novaneer\Desktop\backend\node_modules\mongoose\lib\model.js:2762:5)
    at async createAsset (C:\Users\Novaneer\Desktop\backend\controllers\AssetController.js:69:19)
2026-06-11 19:36:07 [info]: Insurance record created by qode.current@gmail.com: 6a2ae3f74ff792c81fbca4b6
2026-06-11 19:37:09 [info]: Insurance record 6a2ae3f74ff792c81fbca4b6 updated by qode.current@gmail.com
2026-06-11 19:37:50 [info]: Auto-link run by qode.current@gmail.com: 0 linked, 1 skipped
