2026-06-11 15:46:57 [error]: Error: Missing credentials for "PLAIN"
    at SMTPConnection._formatError (C:\Users\Novaneer\Desktop\backend\node_modules\nodemailer\lib\smtp-connection\index.js:905:19)
    at SMTPConnection.login (C:\Users\Novaneer\Desktop\backend\node_modules\nodemailer\lib\smtp-connection\index.js:542:38)
    at C:\Users\Novaneer\Desktop\backend\node_modules\nodemailer\lib\smtp-transport\index.js:278:32
    at SMTPConnection.<anonymous> (C:\Users\Novaneer\Desktop\backend\node_modules\nodemailer\lib\smtp-connection\index.js:255:17)
    at Object.onceWrapper (node:events:622:28)
    at SMTPConnection.emit (node:events:508:28)
    at SMTPConnection._actionEHLO (C:\Users\Novaneer\Desktop\backend\node_modules\nodemailer\lib\smtp-connection\index.js:1510:14)
    at SMTPConnection._processResponse (C:\Users\Novaneer\Desktop\backend\node_modules\nodemailer\lib\smtp-connection\index.js:1099:20)
    at SMTPConnection._onData (C:\Users\Novaneer\Desktop\backend\node_modules\nodemailer\lib\smtp-connection\index.js:865:14)
    at SMTPConnection._onSocketData (C:\Users\Novaneer\Desktop\backend\node_modules\nodemailer\lib\smtp-connection\index.js:224:44)
2026-06-11 15:46:57 [error]: Error: Missing credentials for "PLAIN"
    at SMTPConnection._formatError (C:\Users\Novaneer\Desktop\backend\node_modules\nodemailer\lib\smtp-connection\index.js:905:19)
    at SMTPConnection.login (C:\Users\Novaneer\Desktop\backend\node_modules\nodemailer\lib\smtp-connection\index.js:542:38)
    at C:\Users\Novaneer\Desktop\backend\node_modules\nodemailer\lib\smtp-transport\index.js:278:32
    at SMTPConnection.<anonymous> (C:\Users\Novaneer\Desktop\backend\node_modules\nodemailer\lib\smtp-connection\index.js:255:17)
    at Object.onceWrapper (node:events:622:28)
    at SMTPConnection.emit (node:events:508:28)
    at SMTPConnection._actionEHLO (C:\Users\Novaneer\Desktop\backend\node_modules\nodemailer\lib\smtp-connection\index.js:1510:14)
    at SMTPConnection._processResponse (C:\Users\Novaneer\Desktop\backend\node_modules\nodemailer\lib\smtp-connection\index.js:1099:20)
    at SMTPConnection._onData (C:\Users\Novaneer\Desktop\backend\node_modules\nodemailer\lib\smtp-connection\index.js:865:14)
    at SMTPConnection._onSocketData (C:\Users\Novaneer\Desktop\backend\node_modules\nodemailer\lib\smtp-connection\index.js:224:44)
2026-06-11 15:49:13 [error]: TypeError: next is not a function
    at model.<anonymous> (C:\Users\Novaneer\Desktop\backend\models\Asset.js:32:3)
    at process.processTicksAndRejections (node:internal/process/task_queues:103:5)
    at async Kareem.execPre (C:\Users\Novaneer\Desktop\backend\node_modules\kareem\index.js:61:24)
    at async model.$__save (C:\Users\Novaneer\Desktop\backend\node_modules\mongoose\lib\model.js:402:5)
    at async maybeTracedSave (C:\Users\Novaneer\Desktop\backend\node_modules\mongoose\lib\model.js:674:7)
    at async model.create (C:\Users\Novaneer\Desktop\backend\node_modules\mongoose\lib\model.js:2762:5)
    at async createAsset (C:\Users\Novaneer\Desktop\backend\controllers\AssetController.js:48:19)
2026-06-11 15:50:41 [error]: TypeError: next is not a function
    at model.<anonymous> (C:\Users\Novaneer\Desktop\backend\models\Asset.js:32:3)
    at process.processTicksAndRejections (node:internal/process/task_queues:103:5)
    at async Kareem.execPre (C:\Users\Novaneer\Desktop\backend\node_modules\kareem\index.js:61:24)
    at async model.$__save (C:\Users\Novaneer\Desktop\backend\node_modules\mongoose\lib\model.js:402:5)
    at async maybeTracedSave (C:\Users\Novaneer\Desktop\backend\node_modules\mongoose\lib\model.js:674:7)
    at async model.create (C:\Users\Novaneer\Desktop\backend\node_modules\mongoose\lib\model.js:2762:5)
    at async createAsset (C:\Users\Novaneer\Desktop\backend\controllers\AssetController.js:48:19)
2026-06-11 16:12:02 [error]: TypeError: next is not a function
    at model.<anonymous> (C:\Users\Novaneer\Desktop\backend\models\Asset.js:32:3)
    at process.processTicksAndRejections (node:internal/process/task_queues:103:5)
    at async Kareem.execPre (C:\Users\Novaneer\Desktop\backend\node_modules\kareem\index.js:61:24)
    at async model.$__save (C:\Users\Novaneer\Desktop\backend\node_modules\mongoose\lib\model.js:402:5)
    at async maybeTracedSave (C:\Users\Novaneer\Desktop\backend\node_modules\mongoose\lib\model.js:674:7)
    at async model.create (C:\Users\Novaneer\Desktop\backend\node_modules\mongoose\lib\model.js:2762:5)
    at async createAsset (C:\Users\Novaneer\Desktop\backend\controllers\AssetController.js:48:19)
